[INFO ] 2023-11-22 06:57:06.615 [main] AdminLoginStepDefinition - Implicit wait applied
[INFO ] 2023-11-22 06:57:06.854 [main] AdminLoginStepDefinition - Admin page 
[INFO ] 2023-11-22 06:57:17.389 [main] AdminLoginStepDefinition - Logged in Successfull
[INFO ] 2023-11-22 06:57:25.342 [main] AdminLoginStepDefinition - Assertion passed in new patient
[INFO ] 2023-11-22 09:33:06.427 [main] AdminLoginStepDefinition - Implicit wait applied
[INFO ] 2023-11-22 09:33:07.266 [main] AdminLoginStepDefinition - Admin page 
[INFO ] 2023-11-22 09:33:28.268 [main] AdminLoginStepDefinition - Logged in Successfull
[INFO ] 2023-11-22 09:37:01.512 [main] AdminLoginStepDefinition - Implicit wait applied
[INFO ] 2023-11-22 09:37:01.698 [main] AdminLoginStepDefinition - Admin page 
[INFO ] 2023-11-22 09:37:20.017 [main] AdminLoginStepDefinition - Logged in Successfull
[INFO ] 2023-11-22 09:49:37.484 [main] AdminLoginStepDefinition - Implicit wait applied
[INFO ] 2023-11-22 09:49:37.945 [main] AdminLoginStepDefinition - Admin page 
[INFO ] 2023-11-22 09:49:47.722 [main] AdminLoginStepDefinition - Logged in Successfull
[INFO ] 2023-11-22 09:49:55.405 [main] AdminLoginStepDefinition - Assertion passed
[INFO ] 2023-11-22 09:50:37.265 [main] AdminLoginStepDefinition - Implicit wait applied
[INFO ] 2023-11-22 09:50:37.872 [main] AdminLoginStepDefinition - Admin page 
[INFO ] 2023-11-22 09:51:03.659 [main] AdminLoginStepDefinition - Logged in Successfull
[INFO ] 2023-11-22 09:55:29.446 [main] AdminLoginStepDefinition - Implicit wait applied
[INFO ] 2023-11-22 09:55:29.648 [main] AdminLoginStepDefinition - Admin page 
[INFO ] 2023-11-22 09:55:39.430 [main] AdminLoginStepDefinition - Logged in Successfull
[INFO ] 2023-11-22 09:55:45.480 [main] AdminLoginStepDefinition - Assertion passed in new patient
[INFO ] 2023-11-22 09:56:59.595 [main] AdminLoginStepDefinition - Implicit wait applied
[INFO ] 2023-11-22 09:56:59.794 [main] AdminLoginStepDefinition - Admin page 
[INFO ] 2023-11-22 09:57:09.815 [main] AdminLoginStepDefinition - Logged in Successfull
[INFO ] 2023-11-22 09:57:17.010 [main] AdminLoginStepDefinition - Assertion passed
[INFO ] 2023-11-22 09:58:50.589 [main] AdminLoginStepDefinition - Implicit wait applied
[INFO ] 2023-11-22 09:58:51.233 [main] AdminLoginStepDefinition - Admin page 
[INFO ] 2023-11-22 09:59:04.647 [main] AdminLoginStepDefinition - Logged in Successfull
[INFO ] 2023-11-22 09:59:14.720 [main] AdminLoginStepDefinition - Asserted
[INFO ] 2023-11-22 09:59:47.266 [main] AdminLoginStepDefinition - Implicit wait applied
[INFO ] 2023-11-22 09:59:47.713 [main] AdminLoginStepDefinition - Admin page 
[INFO ] 2023-11-22 09:59:57.921 [main] AdminLoginStepDefinition - Logged in Successfull
[INFO ] 2023-11-22 10:00:07.028 [main] AdminLoginStepDefinition - Assertion passed for Intentionally failed full bill module
[INFO ] 2023-11-22 10:00:33.773 [main] AdminLoginStepDefinition - Implicit wait applied
[INFO ] 2023-11-22 10:00:35.038 [main] AdminLoginStepDefinition - Admin page 
[INFO ] 2023-11-22 10:00:52.663 [main] AdminLoginStepDefinition - Logged in Successfull
[INFO ] 2023-11-22 10:01:03.314 [main] AdminLoginStepDefinition - Assertion passed
[INFO ] 2023-11-22 10:01:10.100 [main] AdminLoginStepDefinition - Implicit wait applied
[INFO ] 2023-11-22 10:01:10.579 [main] AdminLoginStepDefinition - Admin page 
[INFO ] 2023-11-22 10:01:19.165 [main] AdminLoginStepDefinition - Logged in Successfull
[INFO ] 2023-11-22 10:01:25.299 [main] AdminLoginStepDefinition - Assertion passed in new patient
[INFO ] 2023-11-22 10:01:36.725 [main] AdminLoginStepDefinition - Implicit wait applied
[INFO ] 2023-11-22 10:01:37.238 [main] AdminLoginStepDefinition - Admin page 
[INFO ] 2023-11-22 10:01:47.246 [main] AdminLoginStepDefinition - Logged in Successfull
[INFO ] 2023-11-22 10:01:54.700 [main] AdminLoginStepDefinition - Asserted
[INFO ] 2023-11-22 10:02:03.496 [main] AdminLoginStepDefinition - Implicit wait applied
[INFO ] 2023-11-22 10:02:04.044 [main] AdminLoginStepDefinition - Admin page 
[INFO ] 2023-11-22 10:02:12.971 [main] AdminLoginStepDefinition - Logged in Successfull
[INFO ] 2023-11-22 10:02:21.814 [main] AdminLoginStepDefinition - Assertion passed for Intentionally failed full bill module
[INFO ] 2023-11-22 10:24:56.484 [main] AdminLoginStepDefinition - Implicit wait applied
[INFO ] 2023-11-22 10:24:58.932 [main] AdminLoginStepDefinition - Admin page 
[INFO ] 2023-11-22 10:25:14.186 [main] AdminLoginStepDefinition - Logged in Successfull
[INFO ] 2023-11-22 10:25:25.744 [main] AdminLoginStepDefinition - Assertion passed
[INFO ] 2023-11-22 10:25:48.098 [main] AdminLoginStepDefinition - Implicit wait applied
[INFO ] 2023-11-22 10:25:49.250 [main] AdminLoginStepDefinition - Admin page 
[INFO ] 2023-11-22 10:26:11.129 [main] AdminLoginStepDefinition - Logged in Successfull
[INFO ] 2023-11-22 10:26:26.633 [main] AdminLoginStepDefinition - Assertion passed in new patient
[INFO ] 2023-11-22 10:26:34.163 [main] AdminLoginStepDefinition - Implicit wait applied
[INFO ] 2023-11-22 10:26:35.081 [main] AdminLoginStepDefinition - Admin page 
[INFO ] 2023-11-22 10:26:52.365 [main] AdminLoginStepDefinition - Logged in Successfull
[INFO ] 2023-11-22 10:26:59.549 [main] AdminLoginStepDefinition - Asserted
[INFO ] 2023-11-22 10:27:05.950 [main] AdminLoginStepDefinition - Implicit wait applied
[INFO ] 2023-11-22 10:27:06.911 [main] AdminLoginStepDefinition - Admin page 
[INFO ] 2023-11-22 10:27:20.013 [main] AdminLoginStepDefinition - Logged in Successfull
[INFO ] 2023-11-22 10:27:29.336 [main] AdminLoginStepDefinition - Assertion passed for Intentionally failed full bill module
[INFO ] 2023-11-22 10:29:35.106 [TestNG-PoolService-2] AdminLoginStepDefinition - Implicit wait applied
[INFO ] 2023-11-22 10:29:35.106 [TestNG-PoolService-3] AdminLoginStepDefinition - Implicit wait applied
[INFO ] 2023-11-22 10:29:35.106 [TestNG-PoolService-0] AdminLoginStepDefinition - Implicit wait applied
[INFO ] 2023-11-22 10:29:36.523 [TestNG-PoolService-2] AdminLoginStepDefinition - Admin page 
[INFO ] 2023-11-22 10:29:36.523 [TestNG-PoolService-3] AdminLoginStepDefinition - Admin page 
[INFO ] 2023-11-22 10:29:36.523 [TestNG-PoolService-0] AdminLoginStepDefinition - Admin page 
[INFO ] 2023-11-22 10:29:44.659 [TestNG-PoolService-1] AdminLoginStepDefinition - Implicit wait applied
[INFO ] 2023-11-22 10:29:45.692 [TestNG-PoolService-1] AdminLoginStepDefinition - Admin page 
[INFO ] 2023-11-22 10:32:29.733 [TestNG-PoolService-1] AdminLoginStepDefinition - Logged in Successfull
[INFO ] 2023-11-22 10:52:25.837 [TestNG-PoolService-0] AdminLoginStepDefinition - Implicit wait applied
[INFO ] 2023-11-22 10:52:25.837 [TestNG-PoolService-3] AdminLoginStepDefinition - Implicit wait applied
[INFO ] 2023-11-22 10:52:25.837 [TestNG-PoolService-1] AdminLoginStepDefinition - Implicit wait applied
[INFO ] 2023-11-22 10:52:25.837 [TestNG-PoolService-2] AdminLoginStepDefinition - Implicit wait applied
[INFO ] 2023-11-22 10:52:32.296 [TestNG-PoolService-0] AdminLoginStepDefinition - Admin page 
[INFO ] 2023-11-22 10:52:32.296 [TestNG-PoolService-3] AdminLoginStepDefinition - Admin page 
[INFO ] 2023-11-22 10:52:32.296 [TestNG-PoolService-1] AdminLoginStepDefinition - Admin page 
[INFO ] 2023-11-22 10:52:32.296 [TestNG-PoolService-2] AdminLoginStepDefinition - Admin page 
[INFO ] 2023-11-22 10:54:39.189 [TestNG-PoolService-2] AdminLoginStepDefinition - Logged in Successfull
[INFO ] 2023-11-22 11:01:58.100 [TestNG-PoolService-0] AdminLoginStepDefinition - Implicit wait applied
[INFO ] 2023-11-22 11:01:58.100 [TestNG-PoolService-1] AdminLoginStepDefinition - Implicit wait applied
[INFO ] 2023-11-22 11:01:58.481 [TestNG-PoolService-3] AdminLoginStepDefinition - Implicit wait applied
[INFO ] 2023-11-22 11:01:58.595 [TestNG-PoolService-2] AdminLoginStepDefinition - Implicit wait applied
[INFO ] 2023-11-22 11:02:00.227 [TestNG-PoolService-1] AdminLoginStepDefinition - Admin page 
[INFO ] 2023-11-22 11:02:00.227 [TestNG-PoolService-3] AdminLoginStepDefinition - Admin page 
[INFO ] 2023-11-22 11:02:00.227 [TestNG-PoolService-0] AdminLoginStepDefinition - Admin page 
[INFO ] 2023-11-22 11:02:00.228 [TestNG-PoolService-2] AdminLoginStepDefinition - Admin page 
[INFO ] 2023-11-22 11:02:21.847 [TestNG-PoolService-0] AdminLoginStepDefinition - Logged in Successfull
[INFO ] 2023-11-22 12:25:11.095 [TestNG-PoolService-0] AdminLoginStepDefinition - Implicit wait applied
[INFO ] 2023-11-22 12:25:11.672 [TestNG-PoolService-0] AdminLoginStepDefinition - Admin page 
[INFO ] 2023-11-22 12:25:21.076 [TestNG-PoolService-0] AdminLoginStepDefinition - Logged in Successfull
[INFO ] 2023-11-22 12:25:30.349 [TestNG-PoolService-0] AdminLoginStepDefinition - Assertion passed
[INFO ] 2023-11-22 12:30:58.303 [main] AdminLoginStepDefinition - Implicit wait applied
[INFO ] 2023-11-22 12:30:59.587 [main] AdminLoginStepDefinition - Admin page 
[INFO ] 2023-11-22 12:31:12.577 [main] AdminLoginStepDefinition - Logged in Successfull
[INFO ] 2023-11-22 12:31:20.347 [main] AdminLoginStepDefinition - Assertion passed
[INFO ] 2023-11-22 12:32:39.233 [main] AdminLoginStepDefinition - Implicit wait applied
[INFO ] 2023-11-22 12:32:39.545 [main] AdminLoginStepDefinition - Admin page 
[INFO ] 2023-11-22 12:32:52.368 [main] AdminLoginStepDefinition - Logged in Successfull
[INFO ] 2023-11-22 12:33:00.013 [main] AdminLoginStepDefinition - Assertion passed
[INFO ] 2023-11-22 12:34:26.070 [main] AdminLoginStepDefinition - Implicit wait applied
[INFO ] 2023-11-22 12:34:26.558 [main] AdminLoginStepDefinition - Admin page 
[INFO ] 2023-11-22 12:34:41.505 [main] AdminLoginStepDefinition - Logged in Successfull
[INFO ] 2023-11-22 12:34:49.685 [main] AdminLoginStepDefinition - Assertion passed
[INFO ] 2023-11-22 12:36:04.957 [main] AdminLoginStepDefinition - Implicit wait applied
[INFO ] 2023-11-22 12:36:05.128 [main] AdminLoginStepDefinition - Admin page 
[INFO ] 2023-11-22 12:36:20.971 [main] AdminLoginStepDefinition - Logged in Successfull
[INFO ] 2023-11-22 12:36:29.190 [main] AdminLoginStepDefinition - Assertion passed in new patient
[INFO ] 2023-11-22 12:36:56.106 [main] AdminLoginStepDefinition - Implicit wait applied
[INFO ] 2023-11-22 12:36:56.224 [main] AdminLoginStepDefinition - Admin page 
[INFO ] 2023-11-22 12:37:08.714 [main] AdminLoginStepDefinition - Logged in Successfull
[INFO ] 2023-11-22 12:37:17.155 [main] AdminLoginStepDefinition - Asserted
[INFO ] 2023-11-22 12:38:36.385 [main] AdminLoginStepDefinition - Implicit wait applied
[INFO ] 2023-11-22 12:38:36.563 [main] AdminLoginStepDefinition - Admin page 
[INFO ] 2023-11-22 12:38:48.249 [main] AdminLoginStepDefinition - Logged in Successfull
[INFO ] 2023-11-22 12:38:58.252 [main] AdminLoginStepDefinition - Assertion passed for Intentionally failed full bill module
[INFO ] 2023-11-22 12:44:11.984 [TestNG-PoolService-0] AdminLoginStepDefinition - Implicit wait applied
[INFO ] 2023-11-22 12:44:11.984 [TestNG-PoolService-2] AdminLoginStepDefinition - Implicit wait applied
[INFO ] 2023-11-22 12:44:11.984 [TestNG-PoolService-1] AdminLoginStepDefinition - Implicit wait applied
[INFO ] 2023-11-22 12:44:14.310 [TestNG-PoolService-0] AdminLoginStepDefinition - Admin page 
[INFO ] 2023-11-22 12:44:14.310 [TestNG-PoolService-1] AdminLoginStepDefinition - Admin page 
[INFO ] 2023-11-22 12:44:14.310 [TestNG-PoolService-2] AdminLoginStepDefinition - Admin page 
[INFO ] 2023-11-22 12:44:21.351 [TestNG-PoolService-3] AdminLoginStepDefinition - Implicit wait applied
[INFO ] 2023-11-22 12:44:21.472 [TestNG-PoolService-3] AdminLoginStepDefinition - Admin page 
[INFO ] 2023-11-22 12:45:29.827 [TestNG-PoolService-1] AdminLoginStepDefinition - Logged in Successfull
[INFO ] 2023-11-22 13:02:33.354 [main] AdminLoginStepDefinition - Implicit wait applied
[INFO ] 2023-11-22 13:02:33.623 [main] AdminLoginStepDefinition - Admin page 
[INFO ] 2023-11-22 13:02:44.306 [main] AdminLoginStepDefinition - Logged in Successfull
[INFO ] 2023-11-22 13:02:45.262 [main] AdminLoginStepDefinition - Admin page 
[INFO ] 2023-11-22 13:02:45.282 [main] AdminLoginStepDefinition - Admin page 
[INFO ] 2023-11-22 13:02:45.305 [main] AdminLoginStepDefinition - Admin page 
[INFO ] 2023-11-22 13:03:42.893 [main] AdminLoginStepDefinition - Implicit wait applied
[INFO ] 2023-11-22 13:03:43.045 [main] AdminLoginStepDefinition - Admin page 
[INFO ] 2023-11-22 13:03:54.088 [main] AdminLoginStepDefinition - Logged in Successfull
[INFO ] 2023-11-22 13:04:03.441 [main] AdminLoginStepDefinition - Implicit wait applied
[INFO ] 2023-11-22 13:04:03.558 [main] AdminLoginStepDefinition - Admin page 
[INFO ] 2023-11-22 13:05:40.315 [TestNG-PoolService-2] AdminLoginStepDefinition - Implicit wait applied
[INFO ] 2023-11-22 13:05:40.315 [TestNG-PoolService-1] AdminLoginStepDefinition - Implicit wait applied
[INFO ] 2023-11-22 13:05:40.491 [TestNG-PoolService-1] AdminLoginStepDefinition - Admin page 
[INFO ] 2023-11-22 13:05:40.491 [TestNG-PoolService-2] AdminLoginStepDefinition - Admin page 
[INFO ] 2023-11-22 13:05:40.649 [TestNG-PoolService-3] AdminLoginStepDefinition - Implicit wait applied
[INFO ] 2023-11-22 13:05:40.659 [TestNG-PoolService-0] AdminLoginStepDefinition - Implicit wait applied
[INFO ] 2023-11-22 13:05:40.775 [TestNG-PoolService-0] AdminLoginStepDefinition - Admin page 
[INFO ] 2023-11-22 13:05:40.775 [TestNG-PoolService-3] AdminLoginStepDefinition - Admin page 
[INFO ] 2023-11-22 13:05:54.199 [TestNG-PoolService-0] AdminLoginStepDefinition - Logged in Successfull
[INFO ] 2023-11-22 13:09:04.826 [main] AdminLoginStepDefinition - Implicit wait applied
[INFO ] 2023-11-22 13:09:05.011 [main] AdminLoginStepDefinition - Admin page 
[INFO ] 2023-11-22 13:09:29.324 [main] AdminLoginStepDefinition - Logged in Successfull
[INFO ] 2023-11-22 13:09:40.311 [main] AdminLoginStepDefinition - Assertion passed
[INFO ] 2023-11-22 13:09:49.075 [main] AdminLoginStepDefinition - Implicit wait applied
[INFO ] 2023-11-22 13:09:49.193 [main] AdminLoginStepDefinition - Admin page 
[INFO ] 2023-11-22 13:10:01.277 [main] AdminLoginStepDefinition - Logged in Successfull
[INFO ] 2023-11-22 13:10:07.681 [main] AdminLoginStepDefinition - Assertion passed in new patient
[INFO ] 2023-11-22 13:10:14.300 [main] AdminLoginStepDefinition - Implicit wait applied
[INFO ] 2023-11-22 13:10:14.426 [main] AdminLoginStepDefinition - Admin page 
[INFO ] 2023-11-22 13:10:26.780 [main] AdminLoginStepDefinition - Logged in Successfull
[INFO ] 2023-11-22 13:10:34.919 [main] AdminLoginStepDefinition - Asserted
[INFO ] 2023-11-22 13:10:40.672 [main] AdminLoginStepDefinition - Implicit wait applied
[INFO ] 2023-11-22 13:10:40.831 [main] AdminLoginStepDefinition - Admin page 
[INFO ] 2023-11-22 13:10:49.730 [main] AdminLoginStepDefinition - Logged in Successfull
[INFO ] 2023-11-22 13:10:58.730 [main] AdminLoginStepDefinition - Assertion passed for Intentionally failed full bill module
[INFO ] 2023-11-22 13:11:08.535 [main] AdminLoginStepDefinition - Implicit wait applied
[INFO ] 2023-11-22 13:11:08.663 [main] AdminLoginStepDefinition - Admin page 
[INFO ] 2023-11-22 13:11:26.966 [main] AdminLoginStepDefinition - Logged in Successfull
[INFO ] 2023-11-22 13:11:35.000 [main] AdminLoginStepDefinition - Implicit wait applied
[INFO ] 2023-11-22 13:11:35.123 [main] AdminLoginStepDefinition - Admin page 
[INFO ] 2023-11-22 13:11:46.095 [main] AdminLoginStepDefinition - Logged in Successfull
[INFO ] 2023-11-22 13:11:52.204 [main] AdminLoginStepDefinition - assert passed for front office
[INFO ] 2023-11-22 13:11:55.490 [main] AdminLoginStepDefinition - Implicit wait applied
[INFO ] 2023-11-22 13:11:55.619 [main] AdminLoginStepDefinition - Admin page 
[INFO ] 2023-11-22 13:12:06.514 [main] AdminLoginStepDefinition - Logged in Successfull
[INFO ] 2023-11-22 13:12:23.329 [main] AdminLoginStepDefinition - Implicit wait applied
[INFO ] 2023-11-22 13:12:23.470 [main] AdminLoginStepDefinition - Admin page 
[INFO ] 2023-11-22 13:12:28.705 [main] AdminLoginStepDefinition - Logged in Successfull
[INFO ] 2023-11-22 13:12:40.669 [main] AdminLoginStepDefinition - Implicit wait applied
[INFO ] 2023-11-22 13:12:40.795 [main] AdminLoginStepDefinition - Admin page 
[INFO ] 2023-11-22 13:12:51.095 [main] AdminLoginStepDefinition - Logged in Successfull
[INFO ] 2023-11-22 13:12:53.630 [main] AdminLoginStepDefinition - Assert passed 
[INFO ] 2023-11-22 13:12:56.517 [main] AdminLoginStepDefinition - Implicit wait applied
[INFO ] 2023-11-22 13:12:56.639 [main] AdminLoginStepDefinition - Admin page 
[INFO ] 2023-11-22 13:13:09.183 [main] AdminLoginStepDefinition - Logged in Successfull
[INFO ] 2023-11-22 13:13:12.084 [main] AdminLoginStepDefinition - Record saved
[INFO ] 2023-11-22 13:13:17.576 [main] AdminLoginStepDefinition - Implicit wait applied
[INFO ] 2023-11-22 13:13:17.696 [main] AdminLoginStepDefinition - Admin page 
[INFO ] 2023-11-22 13:13:33.301 [main] AdminLoginStepDefinition - Logged in Successfull
[INFO ] 2023-11-22 13:14:05.258 [main] AdminLoginStepDefinition - Implicit wait applied
[INFO ] 2023-11-22 13:14:05.389 [main] AdminLoginStepDefinition - Admin page 
[INFO ] 2023-11-22 13:14:12.827 [main] AdminLoginStepDefinition - Logged in Successfull
[INFO ] 2023-11-22 13:14:47.530 [main] AdminLoginStepDefinition - Implicit wait applied
[INFO ] 2023-11-22 13:14:47.648 [main] AdminLoginStepDefinition - Admin page 
[INFO ] 2023-11-22 13:15:07.042 [main] AdminLoginStepDefinition - Logged in Successfull
[INFO ] 2023-11-22 13:15:09.606 [main] AdminLoginStepDefinition - Error message is asserted
[INFO ] 2023-11-22 13:15:29.091 [main] AdminLoginStepDefinition - Implicit wait applied
[INFO ] 2023-11-22 13:15:29.212 [main] AdminLoginStepDefinition - Admin page 
[INFO ] 2023-11-22 13:15:45.859 [main] AdminLoginStepDefinition - Logged in Successfull
[INFO ] 2023-11-22 13:15:48.943 [main] AdminLoginStepDefinition - Assert the Successfully message
[INFO ] 2023-11-22 13:15:55.661 [main] AdminLoginStepDefinition - Implicit wait applied
[INFO ] 2023-11-22 13:15:55.797 [main] AdminLoginStepDefinition - Admin page 
[INFO ] 2023-11-22 13:16:09.389 [main] AdminLoginStepDefinition - Logged in Successfull
[INFO ] 2023-11-22 13:16:15.726 [main] AdminLoginStepDefinition - Record Saved Successfully in outPatient
[INFO ] 2023-11-22 13:16:20.017 [main] AdminLoginStepDefinition - Implicit wait applied
[INFO ] 2023-11-22 13:16:20.147 [main] AdminLoginStepDefinition - Admin page 
[INFO ] 2023-11-22 13:16:33.874 [main] AdminLoginStepDefinition - Logged in Successfull
[INFO ] 2023-11-22 13:16:40.325 [main] AdminLoginStepDefinition - Asert passed with showing error message
[INFO ] 2023-11-22 15:49:05.160 [main] AdminLoginStepDefinition - Implicit wait applied
[INFO ] 2023-11-22 15:49:05.752 [main] AdminLoginStepDefinition - Admin page 
[INFO ] 2023-11-22 15:49:10.226 [main] AdminLoginStepDefinition - Logged in Successfull
[INFO ] 2023-11-22 15:49:24.410 [main] AdminLoginStepDefinition - Assertion passed
[INFO ] 2023-11-22 15:50:24.504 [main] AdminLoginStepDefinition - Implicit wait applied
[INFO ] 2023-11-22 15:50:24.684 [main] AdminLoginStepDefinition - Admin page 
[INFO ] 2023-11-22 15:50:35.510 [main] AdminLoginStepDefinition - Logged in Successfull
[INFO ] 2023-11-22 15:50:45.911 [main] AdminLoginStepDefinition - Implicit wait applied
[INFO ] 2023-11-22 15:50:46.023 [main] AdminLoginStepDefinition - Admin page 
[INFO ] 2023-11-22 15:50:52.584 [main] AdminLoginStepDefinition - Logged in Successfull
[INFO ] 2023-11-22 15:51:01.785 [main] AdminLoginStepDefinition - Implicit wait applied
[INFO ] 2023-11-22 15:51:01.908 [main] AdminLoginStepDefinition - Admin page 
[INFO ] 2023-11-22 15:51:07.791 [main] AdminLoginStepDefinition - Logged in Successfull
[INFO ] 2023-11-22 15:51:15.248 [main] AdminLoginStepDefinition - Implicit wait applied
[INFO ] 2023-11-22 15:51:15.372 [main] AdminLoginStepDefinition - Admin page 
[INFO ] 2023-11-22 15:51:21.199 [main] AdminLoginStepDefinition - Logged in Successfull
[INFO ] 2023-11-22 15:51:28.882 [main] AdminLoginStepDefinition - Implicit wait applied
[INFO ] 2023-11-22 15:51:29.011 [main] AdminLoginStepDefinition - Admin page 
[INFO ] 2023-11-22 15:51:35.178 [main] AdminLoginStepDefinition - Logged in Successfull
[INFO ] 2023-11-22 15:51:39.239 [main] AdminLoginStepDefinition - Implicit wait applied
[INFO ] 2023-11-22 15:51:39.362 [main] AdminLoginStepDefinition - Admin page 
[INFO ] 2023-11-22 15:51:45.010 [main] AdminLoginStepDefinition - Logged in Successfull
[INFO ] 2023-11-22 15:51:48.920 [main] AdminLoginStepDefinition - Implicit wait applied
[INFO ] 2023-11-22 15:51:49.039 [main] AdminLoginStepDefinition - Admin page 
[INFO ] 2023-11-22 15:51:55.074 [main] AdminLoginStepDefinition - Logged in Successfull
[INFO ] 2023-11-22 15:51:59.037 [main] AdminLoginStepDefinition - Implicit wait applied
[INFO ] 2023-11-22 15:51:59.167 [main] AdminLoginStepDefinition - Admin page 
[INFO ] 2023-11-22 15:52:02.009 [main] AdminLoginStepDefinition - Logged in Successfull
[INFO ] 2023-11-22 15:52:09.150 [main] AdminLoginStepDefinition - Implicit wait applied
[INFO ] 2023-11-22 15:52:09.274 [main] AdminLoginStepDefinition - Admin page 
[INFO ] 2023-11-22 15:52:16.141 [main] AdminLoginStepDefinition - Logged in Successfull
[INFO ] 2023-11-22 15:52:20.624 [main] AdminLoginStepDefinition - Implicit wait applied
[INFO ] 2023-11-22 15:52:20.731 [main] AdminLoginStepDefinition - Admin page 
[INFO ] 2023-11-22 15:52:26.970 [main] AdminLoginStepDefinition - Logged in Successfull
[INFO ] 2023-11-22 15:52:31.851 [main] AdminLoginStepDefinition - Implicit wait applied
[INFO ] 2023-11-22 15:52:31.967 [main] AdminLoginStepDefinition - Admin page 
[INFO ] 2023-11-22 15:52:37.714 [main] AdminLoginStepDefinition - Logged in Successfull
[INFO ] 2023-11-22 15:52:41.732 [main] AdminLoginStepDefinition - Implicit wait applied
[INFO ] 2023-11-22 15:52:41.855 [main] AdminLoginStepDefinition - Admin page 
[INFO ] 2023-11-22 15:52:48.026 [main] AdminLoginStepDefinition - Logged in Successfull
[INFO ] 2023-11-22 15:52:52.075 [main] AdminLoginStepDefinition - Implicit wait applied
[INFO ] 2023-11-22 15:52:52.200 [main] AdminLoginStepDefinition - Admin page 
[INFO ] 2023-11-22 15:52:58.164 [main] AdminLoginStepDefinition - Logged in Successfull
[INFO ] 2023-11-22 15:53:43.583 [main] AdminLoginStepDefinition - Implicit wait applied
[INFO ] 2023-11-22 15:53:43.763 [main] AdminLoginStepDefinition - Admin page 
[INFO ] 2023-11-22 15:53:49.529 [main] AdminLoginStepDefinition - Logged in Successfull
[INFO ] 2023-11-22 15:53:58.032 [main] AdminLoginStepDefinition - Implicit wait applied
[INFO ] 2023-11-22 15:53:58.143 [main] AdminLoginStepDefinition - Admin page 
[INFO ] 2023-11-22 15:54:03.463 [main] AdminLoginStepDefinition - Logged in Successfull
[INFO ] 2023-11-22 15:54:11.511 [main] AdminLoginStepDefinition - Implicit wait applied
[INFO ] 2023-11-22 15:54:11.637 [main] AdminLoginStepDefinition - Admin page 
[INFO ] 2023-11-22 15:54:17.585 [main] AdminLoginStepDefinition - Logged in Successfull
[INFO ] 2023-11-22 15:54:27.609 [main] AdminLoginStepDefinition - Implicit wait applied
[INFO ] 2023-11-22 15:54:27.727 [main] AdminLoginStepDefinition - Admin page 
[INFO ] 2023-11-22 15:54:34.713 [main] AdminLoginStepDefinition - Logged in Successfull
[INFO ] 2023-11-22 15:54:58.655 [main] AdminLoginStepDefinition - Implicit wait applied
[INFO ] 2023-11-22 15:54:59.024 [main] AdminLoginStepDefinition - Admin page 
[INFO ] 2023-11-22 15:55:09.321 [main] AdminLoginStepDefinition - Logged in Successfull
[INFO ] 2023-11-22 15:55:17.544 [main] AdminLoginStepDefinition - Assertion passed
[INFO ] 2023-11-22 15:55:25.555 [main] AdminLoginStepDefinition - Implicit wait applied
[INFO ] 2023-11-22 15:55:25.696 [main] AdminLoginStepDefinition - Admin page 
[INFO ] 2023-11-22 15:55:36.106 [main] AdminLoginStepDefinition - Logged in Successfull
[INFO ] 2023-11-22 15:55:56.325 [main] AdminLoginStepDefinition - Assertion passed in new patient
[INFO ] 2023-11-22 15:56:10.408 [main] AdminLoginStepDefinition - Implicit wait applied
[INFO ] 2023-11-22 15:56:10.538 [main] AdminLoginStepDefinition - Admin page 
[INFO ] 2023-11-22 15:56:21.036 [main] AdminLoginStepDefinition - Logged in Successfull
[INFO ] 2023-11-22 15:56:44.673 [main] AdminLoginStepDefinition - Implicit wait applied
[INFO ] 2023-11-22 15:56:44.797 [main] AdminLoginStepDefinition - Admin page 
[INFO ] 2023-11-22 15:56:57.362 [main] AdminLoginStepDefinition - Logged in Successfull
[INFO ] 2023-11-22 15:57:06.971 [main] AdminLoginStepDefinition - Assertion passed for Intentionally failed full bill module
[INFO ] 2023-11-22 15:58:26.257 [main] AdminLoginStepDefinition - Implicit wait applied
[INFO ] 2023-11-22 15:58:27.731 [main] AdminLoginStepDefinition - Admin page 
[INFO ] 2023-11-22 15:58:37.074 [main] AdminLoginStepDefinition - Logged in Successfull
[INFO ] 2023-11-22 16:06:38.418 [main] AdminLoginStepDefinition - Implicit wait applied
[INFO ] 2023-11-22 16:06:39.904 [main] AdminLoginStepDefinition - Admin page 
[INFO ] 2023-11-22 16:06:59.284 [main] AdminLoginStepDefinition - Logged in Successfull
